<?xml version="1.0" encoding="UTF-8"?>
<!-- Generated by org.testng.reporters.JUnitReportReporter -->
<testsuite hostname="RaniShankar" failures="0" tests="1" name="genericLibrary.BaseClass" time="0.011" errors="0" timestamp="2024-04-02T13:58:46 IST" skipped="0">
  <testcase classname="genericLibrary.BaseClass" name="test1" time="0.011">
    <system-out>
      <![CDATA[Test1]]>
    </system-out>
  </testcase> <!-- test1 -->
  <system-out>
    <![CDATA[Before suite
Before Test
Before class
Before Method
Test1
After Method
After class
After Test
After suite]]>
  </system-out>
</testsuite> <!-- genericLibrary.BaseClass -->
