<?xml version="1.0" encoding="UTF-8"?>
<!-- Generated by org.testng.reporters.JUnitReportReporter -->
<testsuite hostname="RaniShankar" failures="0" tests="1" name="testNgBasics.LogoTest" time="9.170" errors="0" timestamp="2024-03-30T14:20:01 IST" skipped="0">
  <testcase classname="testNgBasics.LogoTest" name="logo_" time="9.170">
    <system-out>
      <![CDATA[Test case is completed]]>
    </system-out>
  </testcase> <!-- logo_ -->
  <system-out>
    <![CDATA[Test case is completed]]>
  </system-out>
</testsuite> <!-- testNgBasics.LogoTest -->
