<?xml version="1.0" encoding="UTF-8"?>
<!-- Generated by org.testng.reporters.JUnitReportReporter -->
<testsuite hostname="RaniShankar" failures="0" tests="5" name="testNgBasics.RegisterTest" time="80.715" errors="0" timestamp="2024-04-01T14:22:28 IST" skipped="0">
  <testcase classname="testNgBasics.RegisterTest" name="register_001" time="15.683"/>
  <testcase classname="testNgBasics.RegisterTest" name="register_001" time="17.582"/>
  <testcase classname="testNgBasics.RegisterTest" name="register_001" time="16.652"/>
  <testcase classname="testNgBasics.RegisterTest" name="register_001" time="15.450"/>
  <testcase classname="testNgBasics.RegisterTest" name="register_001" time="15.348"/>
</testsuite> <!-- testNgBasics.RegisterTest -->
