<?xml version="1.0" encoding="UTF-8"?>
<!-- Generated by org.testng.reporters.JUnitReportReporter -->
<testsuite hostname="RaniShankar" failures="0" tests="1" name="testNgBasics.GroupExecutionTest" time="2.978" errors="0" timestamp="2024-03-29T14:48:55 IST" skipped="0">
  <testcase classname="testNgBasics.GroupExecutionTest" name="Register" time="2.978"/>
</testsuite> <!-- testNgBasics.GroupExecutionTest -->
