<?xml version="1.0" encoding="UTF-8"?>
<!-- Generated by org.testng.reporters.JUnitReportReporter -->
<testsuite hostname="RaniShankar" failures="0" tests="1" name="testNgBasics.AssertFailTest" time="10.898" errors="0" timestamp="2024-04-01T15:22:19 IST" skipped="0">
  <testcase classname="testNgBasics.AssertFailTest" name="logo_" time="10.898">
    <system-out>
      <![CDATA[Test case compleleted]]>
    </system-out>
  </testcase> <!-- logo_ -->
  <system-out>
    <![CDATA[Test case compleleted]]>
  </system-out>
</testsuite> <!-- testNgBasics.AssertFailTest -->
