<?xml version="1.0" encoding="UTF-8"?>
<!-- Generated by org.testng.reporters.JUnitReportReporter -->
<testsuite hostname="RaniShankar" failures="0" tests="4" name="testNgBasics.PaymentTest" time="450.125" errors="0" timestamp="2024-03-28T14:14:28 IST" skipped="0">
  <testcase classname="testNgBasics.PaymentTest" name="Register" time="175.048"/>
  <testcase classname="testNgBasics.PaymentTest" name="Login" time="117.897"/>
  <testcase classname="testNgBasics.PaymentTest" name="AddtoCart" time="87.791"/>
  <testcase classname="testNgBasics.PaymentTest" name="Payment" time="69.389"/>
</testsuite> <!-- testNgBasics.PaymentTest -->
