<?xml version="1.0" encoding="UTF-8"?>
<!-- Generated by org.testng.reporters.JUnitReportReporter -->
<testsuite hostname="RaniShankar" failures="0" tests="5" name="testScripts.HomeTest" time="30.344" errors="0" timestamp="2024-04-13T20:41:34 IST" skipped="0">
  <testcase classname="testScripts.HomeTest" name="home_004" time="6.297"/>
  <testcase classname="testScripts.HomeTest" name="home_004" time="5.862"/>
  <testcase classname="testScripts.HomeTest" name="home_004" time="5.485"/>
  <testcase classname="testScripts.HomeTest" name="home_004" time="6.426"/>
  <testcase classname="testScripts.HomeTest" name="home_004" time="6.274"/>
  <system-out>
    <![CDATA[Date base connection established
Before test
Browser launched
Login
Log out
Login
Log out
Login
Log out
Login
Log out
Login
Log out
After test
Close database connection]]>
  </system-out>
</testsuite> <!-- testScripts.HomeTest -->
