<?xml version="1.0" encoding="UTF-8"?>
<!-- Generated by org.testng.reporters.JUnitReportReporter -->
<testsuite hostname="RaniShankar" failures="0" tests="1" name="testScripts.BookTest" time="4.792" errors="0" timestamp="2024-04-20T13:47:32 IST" skipped="0">
  <testcase classname="testScripts.BookTest" name="book_001" time="4.792">
    <system-out>
      <![CDATA[test case completed]]>
    </system-out>
  </testcase> <!-- book_001 -->
  <system-out>
    <![CDATA[Before test
Browser launched
Login
test case completed
Log out
Browser closed
After test
Close database connection]]>
  </system-out>
</testsuite> <!-- testScripts.BookTest -->
