<?xml version="1.0" encoding="UTF-8"?>
<!-- Generated by org.testng.reporters.JUnitReportReporter -->
<testsuite hostname="RaniShankar" failures="0" tests="3" name="testNgBasics.DisableScripts" time="0.192" errors="0" timestamp="2024-03-28T14:14:28 IST" skipped="1">
  <testcase classname="testNgBasics.DisableScripts" name="test1" time="0.190"/>
  <testcase classname="testNgBasics.DisableScripts" name="test2" time="0.002"/>
  <testcase classname="testNgBasics.DisableScripts" name="test3">
    <skipped/>
  </testcase> <!-- test3 -->
</testsuite> <!-- testNgBasics.DisableScripts -->
