<?xml version="1.0" encoding="UTF-8"?>
<!-- Generated by org.testng.reporters.JUnitReportReporter -->
<testsuite hostname="RaniShankar" failures="0" tests="1" name="testNgBasics.BookTest" time="17.107" errors="0" timestamp="2024-04-07T15:44:55 IST" skipped="0">
  <testcase classname="testNgBasics.BookTest" name="book_001" time="17.107">
    <system-out>
      <![CDATA[Test case completed]]>
    </system-out>
  </testcase> <!-- book_001 -->
  <system-out>
    <![CDATA[Test case completed]]>
  </system-out>
</testsuite> <!-- testNgBasics.BookTest -->
