<?xml version="1.0" encoding="UTF-8"?>
<!-- Generated by org.testng.reporters.JUnitReportReporter -->
<testsuite hostname="RaniShankar" failures="0" tests="4" name="testNgBasics.DependencyTest" time="10.662" errors="0" timestamp="2024-03-30T14:20:01 IST" skipped="0">
  <testcase classname="testNgBasics.DependencyTest" name="addtoCart" time="2.404"/>
  <testcase classname="testNgBasics.DependencyTest" name="login" time="2.545"/>
  <testcase classname="testNgBasics.DependencyTest" name="Payment" time="2.422"/>
  <testcase classname="testNgBasics.DependencyTest" name="register" time="3.291"/>
  <system-out>
    <![CDATA[Test case is completed]]>
  </system-out>
</testsuite> <!-- testNgBasics.DependencyTest -->
